<?xml version="1.0" encoding="UTF-8" ?>
<testsuite errors="0" failures="5" hostname="Angel_LAB" name="unitTests.CourseManagerServletTest" skipped="0" tests="5" time="0.378" timestamp="2016-11-30T05:45:14">
  <properties>
[...]
</properties>
  <testcase classname="unitTests.CourseManagerServletTest" name="testDoPostAddSameCourse" time="0.269">
    <failure message="expected:&lt;&quot;[Success]&quot;&gt; but was:&lt;&quot;[Excute SqlCommand Error! java.sql.SQLException: Access denied for user \u0027SLM2016\u0027@\u0027localhost\u0027 (using password: YES)]&quot;&gt;" type="junit.framework.AssertionFailedError">junit.framework.AssertionFailedError: expected:&lt;&quot;[Success]&quot;&gt; but was:&lt;&quot;[Excute SqlCommand Error! java.sql.SQLException: Access denied for user \u0027SLM2016\u0027@\u0027localhost\u0027 (using password: YES)]&quot;&gt;
	at unitTests.CourseManagerServletTest.setUp(CourseManagerServletTest.java:46)
</failure>
  </testcase>
  <testcase classname="unitTests.CourseManagerServletTest" name="testDoGet" time="0.016">
    <failure message="expected:&lt;&quot;[Success]&quot;&gt; but was:&lt;&quot;[Excute SqlCommand Error! java.sql.SQLException: Access denied for user \u0027SLM2016\u0027@\u0027localhost\u0027 (using password: YES)]&quot;&gt;" type="junit.framework.AssertionFailedError">junit.framework.AssertionFailedError: expected:&lt;&quot;[Success]&quot;&gt; but was:&lt;&quot;[Excute SqlCommand Error! java.sql.SQLException: Access denied for user \u0027SLM2016\u0027@\u0027localhost\u0027 (using password: YES)]&quot;&gt;
	at unitTests.CourseManagerServletTest.setUp(CourseManagerServletTest.java:46)
</failure>
  </testcase>
  <testcase classname="unitTests.CourseManagerServletTest" name="testDoPostAddCourse" time="0.014">
    <failure message="expected:&lt;&quot;[Success]&quot;&gt; but was:&lt;&quot;[Excute SqlCommand Error! java.sql.SQLException: Access denied for user \u0027SLM2016\u0027@\u0027localhost\u0027 (using password: YES)]&quot;&gt;" type="junit.framework.AssertionFailedError">junit.framework.AssertionFailedError: expected:&lt;&quot;[Success]&quot;&gt; but was:&lt;&quot;[Excute SqlCommand Error! java.sql.SQLException: Access denied for user \u0027SLM2016\u0027@\u0027localhost\u0027 (using password: YES)]&quot;&gt;
	at unitTests.CourseManagerServletTest.setUp(CourseManagerServletTest.java:46)
</failure>
  </testcase>
  <testcase classname="unitTests.CourseManagerServletTest" name="testDoPostDeleteCourse" time="0.015">
    <failure message="expected:&lt;&quot;[Success]&quot;&gt; but was:&lt;&quot;[Excute SqlCommand Error! java.sql.SQLException: Access denied for user \u0027SLM2016\u0027@\u0027localhost\u0027 (using password: YES)]&quot;&gt;" type="junit.framework.AssertionFailedError">junit.framework.AssertionFailedError: expected:&lt;&quot;[Success]&quot;&gt; but was:&lt;&quot;[Excute SqlCommand Error! java.sql.SQLException: Access denied for user \u0027SLM2016\u0027@\u0027localhost\u0027 (using password: YES)]&quot;&gt;
	at unitTests.CourseManagerServletTest.setUp(CourseManagerServletTest.java:46)
</failure>
  </testcase>
  <testcase classname="unitTests.CourseManagerServletTest" name="testDoGetCourseSimpleData" time="0.013">
    <failure message="expected:&lt;&quot;[Success]&quot;&gt; but was:&lt;&quot;[Excute SqlCommand Error! java.sql.SQLException: Access denied for user \u0027SLM2016\u0027@\u0027localhost\u0027 (using password: YES)]&quot;&gt;" type="junit.framework.AssertionFailedError">junit.framework.AssertionFailedError: expected:&lt;&quot;[Success]&quot;&gt; but was:&lt;&quot;[Excute SqlCommand Error! java.sql.SQLException: Access denied for user \u0027SLM2016\u0027@\u0027localhost\u0027 (using password: YES)]&quot;&gt;
	at unitTests.CourseManagerServletTest.setUp(CourseManagerServletTest.java:46)
</failure>
  </testcase>
  <system-out><![CDATA[]]></system-out>
  <system-err><![CDATA[java.sql.SQLException: Access denied for user 'SLM2016'@'localhost' (using password: YES)
	at com.mysql.jdbc.SQLError.createSQLException(SQLError.java:946)
	at com.mysql.jdbc.MysqlIO.checkErrorPacket(MysqlIO.java:2985)
	at com.mysql.jdbc.MysqlIO.checkErrorPacket(MysqlIO.java:885)
	at com.mysql.jdbc.MysqlIO.secureAuth411(MysqlIO.java:3421)
	at com.mysql.jdbc.MysqlIO.doHandshake(MysqlIO.java:1247)
	at com.mysql.jdbc.Connection.createNewIO(Connection.java:2775)
	at com.mysql.jdbc.Connection.<init>(Connection.java:1555)
	at com.mysql.jdbc.NonRegisteringDriver.connect(NonRegisteringDriver.java:285)
	at java.sql.DriverManager.getConnection(DriverManager.java:664)
	at java.sql.DriverManager.getConnection(DriverManager.java:247)
	at util.SLMDBUtility.createConnection(SLMDBUtility.java:27)
	at util.SLMDBUtility.checkConnection(SLMDBUtility.java:134)
	at util.SLMDBUtility.deleteSQL(SLMDBUtility.java:118)
	at student.StudentDBManager.deleteStudentsByCourseId(StudentDBManager.java:203)
	at servlets.CourseManagerServlet.doPostDeleteCourse(CourseManagerServlet.java:107)
	at servlets.CourseManagerServlet.doPost(CourseManagerServlet.java:89)
	at unitTests.CourseManagerServletTest.tearDown(CourseManagerServletTest.java:60)
	at sun.reflect.NativeMethodAccessorImpl.invoke0(Native Method)
	at sun.reflect.NativeMethodAccessorImpl.invoke(NativeMethodAccessorImpl.java:62)
	at sun.reflect.DelegatingMethodAccessorImpl.invoke(DelegatingMethodAccessorImpl.java:43)
	at java.lang.reflect.Method.invoke(Method.java:498)
	at org.junit.runners.model.FrameworkMethod$1.runReflectiveCall(FrameworkMethod.java:50)
	at org.junit.internal.runners.model.ReflectiveCallable.run(ReflectiveCallable.java:12)
	at org.junit.runners.model.FrameworkMethod.invokeExplosively(FrameworkMethod.java:47)
	at org.junit.internal.runners.statements.RunAfters.evaluate(RunAfters.java:33)
	at org.junit.runners.ParentRunner.runLeaf(ParentRunner.java:325)
	at org.junit.runners.BlockJUnit4ClassRunner.runChild(BlockJUnit4ClassRunner.java:78)
	at org.junit.runners.BlockJUnit4ClassRunner.runChild(BlockJUnit4ClassRunner.java:57)
	at org.junit.runners.ParentRunner$3.run(ParentRunner.java:290)
	at org.junit.runners.ParentRunner$1.schedule(ParentRunner.java:71)
	at org.junit.runners.ParentRunner.runChildren(ParentRunner.java:288)
	at org.junit.runners.ParentRunner.access$000(ParentRunner.java:58)
	at org.junit.runners.ParentRunner$2.evaluate(ParentRunner.java:268)
	at org.junit.runners.ParentRunner.run(ParentRunner.java:363)
	at junit.framework.JUnit4TestAdapter.run(JUnit4TestAdapter.java:38)
	at org.apache.tools.ant.taskdefs.optional.junit.JUnitTestRunner.run(JUnitTestRunner.java:535)
	at org.apache.tools.ant.taskdefs.optional.junit.JUnitTestRunner.launch(JUnitTestRunner.java:1182)
	at org.apache.tools.ant.taskdefs.optional.junit.JUnitTestRunner.main(JUnitTestRunner.java:1033)
java.lang.NullPointerException
	at util.SLMDBUtility.deleteSQL(SLMDBUtility.java:120)
	at student.StudentDBManager.deleteStudentsByCourseId(StudentDBManager.java:203)
	at servlets.CourseManagerServlet.doPostDeleteCourse(CourseManagerServlet.java:107)
	at servlets.CourseManagerServlet.doPost(CourseManagerServlet.java:89)
	at unitTests.CourseManagerServletTest.tearDown(CourseManagerServletTest.java:60)
	at sun.reflect.NativeMethodAccessorImpl.invoke0(Native Method)
	at sun.reflect.NativeMethodAccessorImpl.invoke(NativeMethodAccessorImpl.java:62)
	at sun.reflect.DelegatingMethodAccessorImpl.invoke(DelegatingMethodAccessorImpl.java:43)
	at java.lang.reflect.Method.invoke(Method.java:498)
	at org.junit.runners.model.FrameworkMethod$1.runReflectiveCall(FrameworkMethod.java:50)
	at org.junit.internal.runners.model.ReflectiveCallable.run(ReflectiveCallable.java:12)
	at org.junit.runners.model.FrameworkMethod.invokeExplosively(FrameworkMethod.java:47)
	at org.junit.internal.runners.statements.RunAfters.evaluate(RunAfters.java:33)
	at org.junit.runners.ParentRunner.runLeaf(ParentRunner.java:325)
	at org.junit.runners.BlockJUnit4ClassRunner.runChild(BlockJUnit4ClassRunner.java:78)
	at org.junit.runners.BlockJUnit4ClassRunner.runChild(BlockJUnit4ClassRunner.java:57)
	at org.junit.runners.ParentRunner$3.run(ParentRunner.java:290)
	at org.junit.runners.ParentRunner$1.schedule(ParentRunner.java:71)
	at org.junit.runners.ParentRunner.runChildren(ParentRunner.java:288)
	at org.junit.runners.ParentRunner.access$000(ParentRunner.java:58)
	at org.junit.runners.ParentRunner$2.evaluate(ParentRunner.java:268)
	at org.junit.runners.ParentRunner.run(ParentRunner.java:363)
	at junit.framework.JUnit4TestAdapter.run(JUnit4TestAdapter.java:38)
	at org.apache.tools.ant.taskdefs.optional.junit.JUnitTestRunner.run(JUnitTestRunner.java:535)
	at org.apache.tools.ant.taskdefs.optional.junit.JUnitTestRunner.launch(JUnitTestRunner.java:1182)
	at org.apache.tools.ant.taskdefs.optional.junit.JUnitTestRunner.main(JUnitTestRunner.java:1033)
java.sql.SQLException: Access denied for user 'SLM2016'@'localhost' (using password: YES)
	at com.mysql.jdbc.SQLError.createSQLException(SQLError.java:946)
	at com.mysql.jdbc.MysqlIO.checkErrorPacket(MysqlIO.java:2985)
	at com.mysql.jdbc.MysqlIO.checkErrorPacket(MysqlIO.java:885)
	at com.mysql.jdbc.MysqlIO.secureAuth411(MysqlIO.java:3421)
	at com.mysql.jdbc.MysqlIO.doHandshake(MysqlIO.java:1247)
	at com.mysql.jdbc.Connection.createNewIO(Connection.java:2775)
	at com.mysql.jdbc.Connection.<init>(Connection.java:1555)
	at com.mysql.jdbc.NonRegisteringDriver.connect(NonRegisteringDriver.java:285)
	at java.sql.DriverManager.getConnection(DriverManager.java:664)
	at java.sql.DriverManager.getConnection(DriverManager.java:247)
	at util.SLMDBUtility.createConnection(SLMDBUtility.java:27)
	at util.SLMDBUtility.checkConnection(SLMDBUtility.java:134)
	at util.SLMDBUtility.deleteSQL(SLMDBUtility.java:118)
	at student.StudentDBManager.deleteStudentsByCourseId(StudentDBManager.java:203)
	at servlets.CourseManagerServlet.doPostDeleteCourse(CourseManagerServlet.java:107)
	at servlets.CourseManagerServlet.doPost(CourseManagerServlet.java:89)
	at unitTests.CourseManagerServletTest.tearDown(CourseManagerServletTest.java:60)
	at sun.reflect.NativeMethodAccessorImpl.invoke0(Native Method)
	at sun.reflect.NativeMethodAccessorImpl.invoke(NativeMethodAccessorImpl.java:62)
	at sun.reflect.DelegatingMethodAccessorImpl.invoke(DelegatingMethodAccessorImpl.java:43)
	at java.lang.reflect.Method.invoke(Method.java:498)
	at org.junit.runners.model.FrameworkMethod$1.runReflectiveCall(FrameworkMethod.java:50)
	at org.junit.internal.runners.model.ReflectiveCallable.run(ReflectiveCallable.java:12)
	at org.junit.runners.model.FrameworkMethod.invokeExplosively(FrameworkMethod.java:47)
	at org.junit.internal.runners.statements.RunAfters.evaluate(RunAfters.java:33)
	at org.junit.runners.ParentRunner.runLeaf(ParentRunner.java:325)
	at org.junit.runners.BlockJUnit4ClassRunner.runChild(BlockJUnit4ClassRunner.java:78)
	at org.junit.runners.BlockJUnit4ClassRunner.runChild(BlockJUnit4ClassRunner.java:57)
	at org.junit.runners.ParentRunner$3.run(ParentRunner.java:290)
	at org.junit.runners.ParentRunner$1.schedule(ParentRunner.java:71)
	at org.junit.runners.ParentRunner.runChildren(ParentRunner.java:288)
	at org.junit.runners.ParentRunner.access$000(ParentRunner.java:58)
	at org.junit.runners.ParentRunner$2.evaluate(ParentRunner.java:268)
	at org.junit.runners.ParentRunner.run(ParentRunner.java:363)
	at junit.framework.JUnit4TestAdapter.run(JUnit4TestAdapter.java:38)
	at org.apache.tools.ant.taskdefs.optional.junit.JUnitTestRunner.run(JUnitTestRunner.java:535)
	at org.apache.tools.ant.taskdefs.optional.junit.JUnitTestRunner.launch(JUnitTestRunner.java:1182)
	at org.apache.tools.ant.taskdefs.optional.junit.JUnitTestRunner.main(JUnitTestRunner.java:1033)
java.lang.NullPointerException
	at util.SLMDBUtility.deleteSQL(SLMDBUtility.java:120)
	at student.StudentDBManager.deleteStudentsByCourseId(StudentDBManager.java:203)
	at servlets.CourseManagerServlet.doPostDeleteCourse(CourseManagerServlet.java:107)
	at servlets.CourseManagerServlet.doPost(CourseManagerServlet.java:89)
	at unitTests.CourseManagerServletTest.tearDown(CourseManagerServletTest.java:60)
	at sun.reflect.NativeMethodAccessorImpl.invoke0(Native Method)
	at sun.reflect.NativeMethodAccessorImpl.invoke(NativeMethodAccessorImpl.java:62)
	at sun.reflect.DelegatingMethodAccessorImpl.invoke(DelegatingMethodAccessorImpl.java:43)
	at java.lang.reflect.Method.invoke(Method.java:498)
	at org.junit.runners.model.FrameworkMethod$1.runReflectiveCall(FrameworkMethod.java:50)
	at org.junit.internal.runners.model.ReflectiveCallable.run(ReflectiveCallable.java:12)
	at org.junit.runners.model.FrameworkMethod.invokeExplosively(FrameworkMethod.java:47)
	at org.junit.internal.runners.statements.RunAfters.evaluate(RunAfters.java:33)
	at org.junit.runners.ParentRunner.runLeaf(ParentRunner.java:325)
	at org.junit.runners.BlockJUnit4ClassRunner.runChild(BlockJUnit4ClassRunner.java:78)
	at org.junit.runners.BlockJUnit4ClassRunner.runChild(BlockJUnit4ClassRunner.java:57)
	at org.junit.runners.ParentRunner$3.run(ParentRunner.java:290)
	at org.junit.runners.ParentRunner$1.schedule(ParentRunner.java:71)
	at org.junit.runners.ParentRunner.runChildren(ParentRunner.java:288)
	at org.junit.runners.ParentRunner.access$000(ParentRunner.java:58)
	at org.junit.runners.ParentRunner$2.evaluate(ParentRunner.java:268)
	at org.junit.runners.ParentRunner.run(ParentRunner.java:363)
	at junit.framework.JUnit4TestAdapter.run(JUnit4TestAdapter.java:38)
	at org.apache.tools.ant.taskdefs.optional.junit.JUnitTestRunner.run(JUnitTestRunner.java:535)
	at org.apache.tools.ant.taskdefs.optional.junit.JUnitTestRunner.launch(JUnitTestRunner.java:1182)
	at org.apache.tools.ant.taskdefs.optional.junit.JUnitTestRunner.main(JUnitTestRunner.java:1033)
java.sql.SQLException: Access denied for user 'SLM2016'@'localhost' (using password: YES)
	at com.mysql.jdbc.SQLError.createSQLException(SQLError.java:946)
	at com.mysql.jdbc.MysqlIO.checkErrorPacket(MysqlIO.java:2985)
	at com.mysql.jdbc.MysqlIO.checkErrorPacket(MysqlIO.java:885)
	at com.mysql.jdbc.MysqlIO.secureAuth411(MysqlIO.java:3421)
	at com.mysql.jdbc.MysqlIO.doHandshake(MysqlIO.java:1247)
	at com.mysql.jdbc.Connection.createNewIO(Connection.java:2775)
	at com.mysql.jdbc.Connection.<init>(Connection.java:1555)
	at com.mysql.jdbc.NonRegisteringDriver.connect(NonRegisteringDriver.java:285)
	at java.sql.DriverManager.getConnection(DriverManager.java:664)
	at java.sql.DriverManager.getConnection(DriverManager.java:247)
	at util.SLMDBUtility.createConnection(SLMDBUtility.java:27)
	at util.SLMDBUtility.checkConnection(SLMDBUtility.java:134)
	at util.SLMDBUtility.deleteSQL(SLMDBUtility.java:118)
	at student.StudentDBManager.deleteStudentsByCourseId(StudentDBManager.java:203)
	at servlets.CourseManagerServlet.doPostDeleteCourse(CourseManagerServlet.java:107)
	at servlets.CourseManagerServlet.doPost(CourseManagerServlet.java:89)
	at unitTests.CourseManagerServletTest.tearDown(CourseManagerServletTest.java:60)
	at sun.reflect.NativeMethodAccessorImpl.invoke0(Native Method)
	at sun.reflect.NativeMethodAccessorImpl.invoke(NativeMethodAccessorImpl.java:62)
	at sun.reflect.DelegatingMethodAccessorImpl.invoke(DelegatingMethodAccessorImpl.java:43)
	at java.lang.reflect.Method.invoke(Method.java:498)
	at org.junit.runners.model.FrameworkMethod$1.runReflectiveCall(FrameworkMethod.java:50)
	at org.junit.internal.runners.model.ReflectiveCallable.run(ReflectiveCallable.java:12)
	at org.junit.runners.model.FrameworkMethod.invokeExplosively(FrameworkMethod.java:47)
	at org.junit.internal.runners.statements.RunAfters.evaluate(RunAfters.java:33)
	at org.junit.runners.ParentRunner.runLeaf(ParentRunner.java:325)
	at org.junit.runners.BlockJUnit4ClassRunner.runChild(BlockJUnit4ClassRunner.java:78)
	at org.junit.runners.BlockJUnit4ClassRunner.runChild(BlockJUnit4ClassRunner.java:57)
	at org.junit.runners.ParentRunner$3.run(ParentRunner.java:290)
	at org.junit.runners.ParentRunner$1.schedule(ParentRunner.java:71)
	at org.junit.runners.ParentRunner.runChildren(ParentRunner.java:288)
	at org.junit.runners.ParentRunner.access$000(ParentRunner.java:58)
	at org.junit.runners.ParentRunner$2.evaluate(ParentRunner.java:268)
	at org.junit.runners.ParentRunner.run(ParentRunner.java:363)
	at junit.framework.JUnit4TestAdapter.run(JUnit4TestAdapter.java:38)
	at org.apache.tools.ant.taskdefs.optional.junit.JUnitTestRunner.run(JUnitTestRunner.java:535)
	at org.apache.tools.ant.taskdefs.optional.junit.JUnitTestRunner.launch(JUnitTestRunner.java:1182)
	at org.apache.tools.ant.taskdefs.optional.junit.JUnitTestRunner.main(JUnitTestRunner.java:1033)
java.lang.NullPointerException
	at util.SLMDBUtility.deleteSQL(SLMDBUtility.java:120)
	at student.StudentDBManager.deleteStudentsByCourseId(StudentDBManager.java:203)
	at servlets.CourseManagerServlet.doPostDeleteCourse(CourseManagerServlet.java:107)
	at servlets.CourseManagerServlet.doPost(CourseManagerServlet.java:89)
	at unitTests.CourseManagerServletTest.tearDown(CourseManagerServletTest.java:60)
	at sun.reflect.NativeMethodAccessorImpl.invoke0(Native Method)
	at sun.reflect.NativeMethodAccessorImpl.invoke(NativeMethodAccessorImpl.java:62)
	at sun.reflect.DelegatingMethodAccessorImpl.invoke(DelegatingMethodAccessorImpl.java:43)
	at java.lang.reflect.Method.invoke(Method.java:498)
	at org.junit.runners.model.FrameworkMethod$1.runReflectiveCall(FrameworkMethod.java:50)
	at org.junit.internal.runners.model.ReflectiveCallable.run(ReflectiveCallable.java:12)
	at org.junit.runners.model.FrameworkMethod.invokeExplosively(FrameworkMethod.java:47)
	at org.junit.internal.runners.statements.RunAfters.evaluate(RunAfters.java:33)
	at org.junit.runners.ParentRunner.runLeaf(ParentRunner.java:325)
	at org.junit.runners.BlockJUnit4ClassRunner.runChild(BlockJUnit4ClassRunner.java:78)
	at org.junit.runners.BlockJUnit4ClassRunner.runChild(BlockJUnit4ClassRunner.java:57)
	at org.junit.runners.ParentRunner$3.run(ParentRunner.java:290)
	at org.junit.runners.ParentRunner$1.schedule(ParentRunner.java:71)
	at org.junit.runners.ParentRunner.runChildren(ParentRunner.java:288)
	at org.junit.runners.ParentRunner.access$000(ParentRunner.java:58)
	at org.junit.runners.ParentRunner$2.evaluate(ParentRunner.java:268)
	at org.junit.runners.ParentRunner.run(ParentRunner.java:363)
	at junit.framework.JUnit4TestAdapter.run(JUnit4TestAdapter.java:38)
	at org.apache.tools.ant.taskdefs.optional.junit.JUnitTestRunner.run(JUnitTestRunner.java:535)
	at org.apache.tools.ant.taskdefs.optional.junit.JUnitTestRunner.launch(JUnitTestRunner.java:1182)
	at org.apache.tools.ant.taskdefs.optional.junit.JUnitTestRunner.main(JUnitTestRunner.java:1033)
java.sql.SQLException: Access denied for user 'SLM2016'@'localhost' (using password: YES)
	at com.mysql.jdbc.SQLError.createSQLException(SQLError.java:946)
	at com.mysql.jdbc.MysqlIO.checkErrorPacket(MysqlIO.java:2985)
	at com.mysql.jdbc.MysqlIO.checkErrorPacket(MysqlIO.java:885)
	at com.mysql.jdbc.MysqlIO.secureAuth411(MysqlIO.java:3421)
	at com.mysql.jdbc.MysqlIO.doHandshake(MysqlIO.java:1247)
	at com.mysql.jdbc.Connection.createNewIO(Connection.java:2775)
	at com.mysql.jdbc.Connection.<init>(Connection.java:1555)
	at com.mysql.jdbc.NonRegisteringDriver.connect(NonRegisteringDriver.java:285)
	at java.sql.DriverManager.getConnection(DriverManager.java:664)
	at java.sql.DriverManager.getConnection(DriverManager.java:247)
	at util.SLMDBUtility.createConnection(SLMDBUtility.java:27)
	at util.SLMDBUtility.checkConnection(SLMDBUtility.java:134)
	at util.SLMDBUtility.deleteSQL(SLMDBUtility.java:118)
	at student.StudentDBManager.deleteStudentsByCourseId(StudentDBManager.java:203)
	at servlets.CourseManagerServlet.doPostDeleteCourse(CourseManagerServlet.java:107)
	at servlets.CourseManagerServlet.doPost(CourseManagerServlet.java:89)
	at unitTests.CourseManagerServletTest.tearDown(CourseManagerServletTest.java:60)
	at sun.reflect.NativeMethodAccessorImpl.invoke0(Native Method)
	at sun.reflect.NativeMethodAccessorImpl.invoke(NativeMethodAccessorImpl.java:62)
	at sun.reflect.DelegatingMethodAccessorImpl.invoke(DelegatingMethodAccessorImpl.java:43)
	at java.lang.reflect.Method.invoke(Method.java:498)
	at org.junit.runners.model.FrameworkMethod$1.runReflectiveCall(FrameworkMethod.java:50)
	at org.junit.internal.runners.model.ReflectiveCallable.run(ReflectiveCallable.java:12)
	at org.junit.runners.model.FrameworkMethod.invokeExplosively(FrameworkMethod.java:47)
	at org.junit.internal.runners.statements.RunAfters.evaluate(RunAfters.java:33)
	at org.junit.runners.ParentRunner.runLeaf(ParentRunner.java:325)
	at org.junit.runners.BlockJUnit4ClassRunner.runChild(BlockJUnit4ClassRunner.java:78)
	at org.junit.runners.BlockJUnit4ClassRunner.runChild(BlockJUnit4ClassRunner.java:57)
	at org.junit.runners.ParentRunner$3.run(ParentRunner.java:290)
	at org.junit.runners.ParentRunner$1.schedule(ParentRunner.java:71)
	at org.junit.runners.ParentRunner.runChildren(ParentRunner.java:288)
	at org.junit.runners.ParentRunner.access$000(ParentRunner.java:58)
	at org.junit.runners.ParentRunner$2.evaluate(ParentRunner.java:268)
	at org.junit.runners.ParentRunner.run(ParentRunner.java:363)
	at junit.framework.JUnit4TestAdapter.run(JUnit4TestAdapter.java:38)
	at org.apache.tools.ant.taskdefs.optional.junit.JUnitTestRunner.run(JUnitTestRunner.java:535)
	at org.apache.tools.ant.taskdefs.optional.junit.JUnitTestRunner.launch(JUnitTestRunner.java:1182)
	at org.apache.tools.ant.taskdefs.optional.junit.JUnitTestRunner.main(JUnitTestRunner.java:1033)
java.lang.NullPointerException
	at util.SLMDBUtility.deleteSQL(SLMDBUtility.java:120)
	at student.StudentDBManager.deleteStudentsByCourseId(StudentDBManager.java:203)
	at servlets.CourseManagerServlet.doPostDeleteCourse(CourseManagerServlet.java:107)
	at servlets.CourseManagerServlet.doPost(CourseManagerServlet.java:89)
	at unitTests.CourseManagerServletTest.tearDown(CourseManagerServletTest.java:60)
	at sun.reflect.NativeMethodAccessorImpl.invoke0(Native Method)
	at sun.reflect.NativeMethodAccessorImpl.invoke(NativeMethodAccessorImpl.java:62)
	at sun.reflect.DelegatingMethodAccessorImpl.invoke(DelegatingMethodAccessorImpl.java:43)
	at java.lang.reflect.Method.invoke(Method.java:498)
	at org.junit.runners.model.FrameworkMethod$1.runReflectiveCall(FrameworkMethod.java:50)
	at org.junit.internal.runners.model.ReflectiveCallable.run(ReflectiveCallable.java:12)
	at org.junit.runners.model.FrameworkMethod.invokeExplosively(FrameworkMethod.java:47)
	at org.junit.internal.runners.statements.RunAfters.evaluate(RunAfters.java:33)
	at org.junit.runners.ParentRunner.runLeaf(ParentRunner.java:325)
	at org.junit.runners.BlockJUnit4ClassRunner.runChild(BlockJUnit4ClassRunner.java:78)
	at org.junit.runners.BlockJUnit4ClassRunner.runChild(BlockJUnit4ClassRunner.java:57)
	at org.junit.runners.ParentRunner$3.run(ParentRunner.java:290)
	at org.junit.runners.ParentRunner$1.schedule(ParentRunner.java:71)
	at org.junit.runners.ParentRunner.runChildren(ParentRunner.java:288)
	at org.junit.runners.ParentRunner.access$000(ParentRunner.java:58)
	at org.junit.runners.ParentRunner$2.evaluate(ParentRunner.java:268)
	at org.junit.runners.ParentRunner.run(ParentRunner.java:363)
	at junit.framework.JUnit4TestAdapter.run(JUnit4TestAdapter.java:38)
	at org.apache.tools.ant.taskdefs.optional.junit.JUnitTestRunner.run(JUnitTestRunner.java:535)
	at org.apache.tools.ant.taskdefs.optional.junit.JUnitTestRunner.launch(JUnitTestRunner.java:1182)
	at org.apache.tools.ant.taskdefs.optional.junit.JUnitTestRunner.main(JUnitTestRunner.java:1033)
java.sql.SQLException: Access denied for user 'SLM2016'@'localhost' (using password: YES)
	at com.mysql.jdbc.SQLError.createSQLException(SQLError.java:946)
	at com.mysql.jdbc.MysqlIO.checkErrorPacket(MysqlIO.java:2985)
	at com.mysql.jdbc.MysqlIO.checkErrorPacket(MysqlIO.java:885)
	at com.mysql.jdbc.MysqlIO.secureAuth411(MysqlIO.java:3421)
	at com.mysql.jdbc.MysqlIO.doHandshake(MysqlIO.java:1247)
	at com.mysql.jdbc.Connection.createNewIO(Connection.java:2775)
	at com.mysql.jdbc.Connection.<init>(Connection.java:1555)
	at com.mysql.jdbc.NonRegisteringDriver.connect(NonRegisteringDriver.java:285)
	at java.sql.DriverManager.getConnection(DriverManager.java:664)
	at java.sql.DriverManager.getConnection(DriverManager.java:247)
	at util.SLMDBUtility.createConnection(SLMDBUtility.java:27)
	at util.SLMDBUtility.checkConnection(SLMDBUtility.java:134)
	at util.SLMDBUtility.deleteSQL(SLMDBUtility.java:118)
	at student.StudentDBManager.deleteStudentsByCourseId(StudentDBManager.java:203)
	at servlets.CourseManagerServlet.doPostDeleteCourse(CourseManagerServlet.java:107)
	at servlets.CourseManagerServlet.doPost(CourseManagerServlet.java:89)
	at unitTests.CourseManagerServletTest.tearDown(CourseManagerServletTest.java:60)
	at sun.reflect.NativeMethodAccessorImpl.invoke0(Native Method)
	at sun.reflect.NativeMethodAccessorImpl.invoke(NativeMethodAccessorImpl.java:62)
	at sun.reflect.DelegatingMethodAccessorImpl.invoke(DelegatingMethodAccessorImpl.java:43)
	at java.lang.reflect.Method.invoke(Method.java:498)
	at org.junit.runners.model.FrameworkMethod$1.runReflectiveCall(FrameworkMethod.java:50)
	at org.junit.internal.runners.model.ReflectiveCallable.run(ReflectiveCallable.java:12)
	at org.junit.runners.model.FrameworkMethod.invokeExplosively(FrameworkMethod.java:47)
	at org.junit.internal.runners.statements.RunAfters.evaluate(RunAfters.java:33)
	at org.junit.runners.ParentRunner.runLeaf(ParentRunner.java:325)
	at org.junit.runners.BlockJUnit4ClassRunner.runChild(BlockJUnit4ClassRunner.java:78)
	at org.junit.runners.BlockJUnit4ClassRunner.runChild(BlockJUnit4ClassRunner.java:57)
	at org.junit.runners.ParentRunner$3.run(ParentRunner.java:290)
	at org.junit.runners.ParentRunner$1.schedule(ParentRunner.java:71)
	at org.junit.runners.ParentRunner.runChildren(ParentRunner.java:288)
	at org.junit.runners.ParentRunner.access$000(ParentRunner.java:58)
	at org.junit.runners.ParentRunner$2.evaluate(ParentRunner.java:268)
	at org.junit.runners.ParentRunner.run(ParentRunner.java:363)
	at junit.framework.JUnit4TestAdapter.run(JUnit4TestAdapter.java:38)
	at org.apache.tools.ant.taskdefs.optional.junit.JUnitTestRunner.run(JUnitTestRunner.java:535)
	at org.apache.tools.ant.taskdefs.optional.junit.JUnitTestRunner.launch(JUnitTestRunner.java:1182)
	at org.apache.tools.ant.taskdefs.optional.junit.JUnitTestRunner.main(JUnitTestRunner.java:1033)
java.lang.NullPointerException
	at util.SLMDBUtility.deleteSQL(SLMDBUtility.java:120)
	at student.StudentDBManager.deleteStudentsByCourseId(StudentDBManager.java:203)
	at servlets.CourseManagerServlet.doPostDeleteCourse(CourseManagerServlet.java:107)
	at servlets.CourseManagerServlet.doPost(CourseManagerServlet.java:89)
	at unitTests.CourseManagerServletTest.tearDown(CourseManagerServletTest.java:60)
	at sun.reflect.NativeMethodAccessorImpl.invoke0(Native Method)
	at sun.reflect.NativeMethodAccessorImpl.invoke(NativeMethodAccessorImpl.java:62)
	at sun.reflect.DelegatingMethodAccessorImpl.invoke(DelegatingMethodAccessorImpl.java:43)
	at java.lang.reflect.Method.invoke(Method.java:498)
	at org.junit.runners.model.FrameworkMethod$1.runReflectiveCall(FrameworkMethod.java:50)
	at org.junit.internal.runners.model.ReflectiveCallable.run(ReflectiveCallable.java:12)
	at org.junit.runners.model.FrameworkMethod.invokeExplosively(FrameworkMethod.java:47)
	at org.junit.internal.runners.statements.RunAfters.evaluate(RunAfters.java:33)
	at org.junit.runners.ParentRunner.runLeaf(ParentRunner.java:325)
	at org.junit.runners.BlockJUnit4ClassRunner.runChild(BlockJUnit4ClassRunner.java:78)
	at org.junit.runners.BlockJUnit4ClassRunner.runChild(BlockJUnit4ClassRunner.java:57)
	at org.junit.runners.ParentRunner$3.run(ParentRunner.java:290)
	at org.junit.runners.ParentRunner$1.schedule(ParentRunner.java:71)
	at org.junit.runners.ParentRunner.runChildren(ParentRunner.java:288)
	at org.junit.runners.ParentRunner.access$000(ParentRunner.java:58)
	at org.junit.runners.ParentRunner$2.evaluate(ParentRunner.java:268)
	at org.junit.runners.ParentRunner.run(ParentRunner.java:363)
	at junit.framework.JUnit4TestAdapter.run(JUnit4TestAdapter.java:38)
	at org.apache.tools.ant.taskdefs.optional.junit.JUnitTestRunner.run(JUnitTestRunner.java:535)
	at org.apache.tools.ant.taskdefs.optional.junit.JUnitTestRunner.launch(JUnitTestRunner.java:1182)
	at org.apache.tools.ant.taskdefs.optional.junit.JUnitTestRunner.main(JUnitTestRunner.java:1033)
]]></system-err>
</testsuite>
